<?xml version="1.0" encoding="utf-8" standalone="no"?>
<!--This file represents the results of running a test suite-->
<test-results name="D:\Personal\Orchard.Source\src\Orchard.Azure\Orchard.Azure.Web\obj\Release\Tests\Orchard.Azure.Tests.dll" total="27" errors="0" failures="0" not-run="0" inconclusive="0" ignored="0" skipped="0" invalid="0" date="2013-05-16" time="09:55:22">
  <environment nunit-version="2.6.0.12051" clr-version="4.0.30319.17929" os-version="Microsoft Windows NT 6.1.7601 Service Pack 1" platform="Win32NT" cwd="D:\Personal\Orchard.Source\src\Orchard.Azure\Orchard.Azure.Web\obj\Release\Package\PackageTmp\bin" machine-name="GAGARWAL-LT" user="GauravAg" user-domain="YSI" />
  <culture-info current-culture="en-US" current-uiculture="en-US" />
  <test-suite type="Assembly" name="D:\Personal\Orchard.Source\src\Orchard.Azure\Orchard.Azure.Web\obj\Release\Tests\Orchard.Azure.Tests.dll" executed="True" result="Success" success="True" time="102.001" asserts="0">
    <results>
      <test-suite type="Namespace" name="Orchard" executed="True" result="Success" success="True" time="101.978" asserts="0">
        <results>
          <test-suite type="Namespace" name="Azure" executed="True" result="Success" success="True" time="101.977" asserts="0">
            <results>
              <test-suite type="Namespace" name="Tests" executed="True" result="Success" success="True" time="101.977" asserts="0">
                <results>
                  <test-suite type="Namespace" name="Environment" executed="True" result="Success" success="True" time="92.485" asserts="0">
                    <results>
                      <test-suite type="Namespace" name="Configuration" executed="True" result="Success" success="True" time="92.484" asserts="0">
                        <results>
                          <test-suite type="TestFixture" name="AzureShellSettingsManagerTests" executed="True" result="Success" success="True" time="92.483" asserts="0">
                            <results>
                              <test-case name="Orchard.Azure.Tests.Environment.Configuration.AzureShellSettingsManagerTests.MultipleFilesCanBeDetected" executed="True" result="Success" success="True" time="8.458" asserts="7" />
                              <test-case name="Orchard.Azure.Tests.Environment.Configuration.AzureShellSettingsManagerTests.NewSettingsCanBeStored" executed="True" result="Success" success="True" time="0.984" asserts="5" />
                              <test-case name="Orchard.Azure.Tests.Environment.Configuration.AzureShellSettingsManagerTests.SettingsCanContainSeparatorChar" executed="True" result="Success" success="True" time="0.316" asserts="1" />
                              <test-case name="Orchard.Azure.Tests.Environment.Configuration.AzureShellSettingsManagerTests.SettingsShouldBeOverwritable" executed="True" result="Success" success="True" time="0.357" asserts="4" />
                              <test-case name="Orchard.Azure.Tests.Environment.Configuration.AzureShellSettingsManagerTests.SingleSettingsFileShouldComeBackAsExpected" executed="True" result="Success" success="True" time="0.259" asserts="4" />
                            </results>
                          </test-suite>
                        </results>
                      </test-suite>
                    </results>
                  </test-suite>
                  <test-suite type="Namespace" name="FileSystems" executed="True" result="Success" success="True" time="9.488" asserts="0">
                    <results>
                      <test-suite type="Namespace" name="Media" executed="True" result="Success" success="True" time="9.488" asserts="0">
                        <results>
                          <test-suite type="TestFixture" name="AzureBlobStorageProviderTests" executed="True" result="Success" success="True" time="9.488" asserts="0">
                            <results>
                              <test-case name="Orchard.Azure.Tests.FileSystems.Media.AzureBlobStorageProviderTests.CannotCreateAlreadyExistingFolders" executed="True" result="Success" success="True" time="0.459" asserts="0" />
                              <test-case name="Orchard.Azure.Tests.FileSystems.Media.AzureBlobStorageProviderTests.CreateFileShouldBeFolderAgnostic" executed="True" result="Success" success="True" time="0.429" asserts="7" />
                              <test-case name="Orchard.Azure.Tests.FileSystems.Media.AzureBlobStorageProviderTests.CreateFileShouldReturnCorrectStorageFile" executed="True" result="Success" success="True" time="0.202" asserts="4" />
                              <test-case name="Orchard.Azure.Tests.FileSystems.Media.AzureBlobStorageProviderTests.CreateFileShouldThrowAnExceptionIfAlreadyExisting" executed="True" result="Success" success="True" time="0.100" asserts="1" />
                              <test-case name="Orchard.Azure.Tests.FileSystems.Media.AzureBlobStorageProviderTests.CreateFolderThatExistsShouldThrow" executed="True" result="Success" success="True" time="0.186" asserts="0" />
                              <test-case name="Orchard.Azure.Tests.FileSystems.Media.AzureBlobStorageProviderTests.CreateFolderWithSubFolder" executed="True" result="Success" success="True" time="0.600" asserts="4" />
                              <test-case name="Orchard.Azure.Tests.FileSystems.Media.AzureBlobStorageProviderTests.DeleteFileThatDoesNotExistShouldThrow" executed="True" result="Success" success="True" time="0.120" asserts="0" />
                              <test-case name="Orchard.Azure.Tests.FileSystems.Media.AzureBlobStorageProviderTests.DeleteFolderShouldDeleteFilesAlso" executed="True" result="Success" success="True" time="0.593" asserts="4" />
                              <test-case name="Orchard.Azure.Tests.FileSystems.Media.AzureBlobStorageProviderTests.FoldersShouldBeCreatedRecursively" executed="True" result="Success" success="True" time="0.234" asserts="3" />
                              <test-case name="Orchard.Azure.Tests.FileSystems.Media.AzureBlobStorageProviderTests.GetFileShouldOnlyAcceptRelativePath" executed="True" result="Success" success="True" time="0.142" asserts="0" />
                              <test-case name="Orchard.Azure.Tests.FileSystems.Media.AzureBlobStorageProviderTests.GetFileThatDoesNotExistShouldThrow" executed="True" result="Success" success="True" time="0.068" asserts="0" />
                              <test-case name="Orchard.Azure.Tests.FileSystems.Media.AzureBlobStorageProviderTests.HttpContextWeaverShouldBeDisposed" executed="True" result="Success" success="True" time="0.220" asserts="3" />
                              <test-case name="Orchard.Azure.Tests.FileSystems.Media.AzureBlobStorageProviderTests.ListFolderShouldAcceptNullPath" executed="True" result="Success" success="True" time="0.203" asserts="3" />
                              <test-case name="Orchard.Azure.Tests.FileSystems.Media.AzureBlobStorageProviderTests.MimeTypeShouldBeSet" executed="True" result="Success" success="True" time="0.115" asserts="1" />
                              <test-case name="Orchard.Azure.Tests.FileSystems.Media.AzureBlobStorageProviderTests.RenameFileShouldCreateANewFileAndRemoveTheOld" executed="True" result="Success" success="True" time="0.382" asserts="3" />
                              <test-case name="Orchard.Azure.Tests.FileSystems.Media.AzureBlobStorageProviderTests.RootFolderAreNotCropped" executed="True" result="Success" success="True" time="0.322" asserts="3" />
                              <test-case name="Orchard.Azure.Tests.FileSystems.Media.AzureBlobStorageProviderTests.ShouldDeleteFiles" executed="True" result="Success" success="True" time="0.491" asserts="4" />
                              <test-case name="Orchard.Azure.Tests.FileSystems.Media.AzureBlobStorageProviderTests.ShouldReadWriteFiles" executed="True" result="Success" success="True" time="0.251" asserts="2" />
                              <test-case name="Orchard.Azure.Tests.FileSystems.Media.AzureBlobStorageProviderTests.ShouldRenameFolders" executed="True" result="Success" success="True" time="1.912" asserts="9" />
                              <test-case name="Orchard.Azure.Tests.FileSystems.Media.AzureBlobStorageProviderTests.ShouldTruncateFile" executed="True" result="Success" success="True" time="0.606" asserts="1" />
                              <test-case name="Orchard.Azure.Tests.FileSystems.Media.AzureBlobStorageProviderTests.TryCreateFolderShouldReturnFalseIfFolderAlreadyExists" executed="True" result="Success" success="True" time="0.184" asserts="1" />
                              <test-case name="Orchard.Azure.Tests.FileSystems.Media.AzureBlobStorageProviderTests.UnknownMimeTypeShouldBeAssigned" executed="True" result="Success" success="True" time="0.109" asserts="1" />
                            </results>
                          </test-suite>
                        </results>
                      </test-suite>
                    </results>
                  </test-suite>
                </results>
              </test-suite>
            </results>
          </test-suite>
        </results>
      </test-suite>
    </results>
  </test-suite>
</test-results>